\BOOKMARK [0][-]{Doc-Start}{Abstract}{}% 1
\BOOKMARK [0][-]{chapter*.1}{Statement of Originality}{}% 2
\BOOKMARK [0][-]{chapter*.2}{Acknowledgments}{}% 3
\BOOKMARK [0][-]{chapter*.3}{Contents}{}% 4
\BOOKMARK [0][-]{chapter*.3}{List of Tables}{}% 5
\BOOKMARK [0][-]{chapter*.3}{List of Figures}{}% 6
\BOOKMARK [0][-]{chapter.1}{Introduction}{}% 7
\BOOKMARK [1][-]{section.1.1}{Perturbations to People}{chapter.1}% 8
\BOOKMARK [2][-]{subsection.1.1.1}{The Story of the Milky Way}{section.1.1}% 9
\BOOKMARK [1][-]{section.1.2}{Understanding CDM with Galaxy Simulations}{chapter.1}% 10
\BOOKMARK [1][-]{section.1.3}{Dynamical Processes in a Chaotic Milky Way}{chapter.1}% 11
\BOOKMARK [2][-]{subsection.1.3.1}{Stellar Streams from Mergers}{section.1.3}% 12
\BOOKMARK [2][-]{subsection.1.3.2}{Response of the Galactic Disk to the Cosmological Environment}{section.1.3}% 13
\BOOKMARK [1][-]{section.1.4}{Disk Insertion Techniques for Cosmology}{chapter.1}% 14
\BOOKMARK [1][-]{section.1.5}{Organization of Thesis}{chapter.1}% 15
\BOOKMARK [0][-]{chapter.2}{A Dynamical Recipe for Cosmological Disks}{}% 16
\BOOKMARK [1][-]{section.2.1}{Physical Motivation of Modelling}{chapter.2}% 17
\BOOKMARK [2][-]{subsection.2.1.1}{Thermodynamics of Self-Gravitating Systems}{section.2.1}% 18
\BOOKMARK [2][-]{subsection.2.1.2}{The Collisionless Boltzmann Equation}{section.2.1}% 19
\BOOKMARK [2][-]{subsection.2.1.3}{Monte Carlo Solution of the Collisionless Boltzmann Equation}{section.2.1}% 20
\BOOKMARK [2][-]{subsection.2.1.4}{Time Integration in N-Body Simulations}{section.2.1}% 21
\BOOKMARK [2][-]{subsection.2.1.5}{Efficient Force Calculation}{section.2.1}% 22
\BOOKMARK [2][-]{subsection.2.1.6}{Complications on Distributed Systems}{section.2.1}% 23
\BOOKMARK [1][-]{section.2.2}{Phase Space, Equilibrium, and Initial Conditions}{chapter.2}% 24
\BOOKMARK [2][-]{subsection.2.2.1}{Jeans Modelling and the Epicyclic Approximation}{section.2.2}% 25
\BOOKMARK [2][-]{subsection.2.2.2}{DF-based Models and the Jeans Theorem}{section.2.2}% 26
\BOOKMARK [2][-]{subsection.2.2.3}{Action-Angle Variables and the Strong Jeans Theorem}{section.2.2}% 27
\BOOKMARK [1][-]{section.2.3}{Cosmology and Implications for Galaxy Studies}{chapter.2}% 28
\BOOKMARK [2][-]{subsection.2.3.1}{Simulations of FRW Cosmology: Large Scale Properties}{section.2.3}% 29
\BOOKMARK [2][-]{subsection.2.3.2}{Simulations of FRW Cosmology: Cosmological Initial Conditions}{section.2.3}% 30
\BOOKMARK [2][-]{subsection.2.3.3}{Extension of Numerical Methods: Time Integration}{section.2.3}% 31
\BOOKMARK [2][-]{subsection.2.3.4}{Extension of Numerical Methods: Gravity Calculation}{section.2.3}% 32
\BOOKMARK [2][-]{subsection.2.3.5}{Identifying Substructure in Simulations}{section.2.3}% 33
\BOOKMARK [0][-]{chapter.3}{A Method for Studying Discs in Cosmological Haloes}{}% 34
\BOOKMARK [1][-]{section.3.1}{Abstract}{chapter.3}% 35
\BOOKMARK [1][-]{section.3.2}{Introduction}{chapter.3}% 36
\BOOKMARK [1][-]{section.3.3}{Inserting a Stellar Disc into a Cosmological Halo}{chapter.3}% 37
\BOOKMARK [2][-]{subsection.3.3.1}{Overview of Simulation Set}{section.3.3}% 38
\BOOKMARK [2][-]{subsection.3.3.2}{Summary of Live Disc Insertion Scheme}{section.3.3}% 39
\BOOKMARK [2][-]{subsection.3.3.3}{Halo Potential}{section.3.3}% 40
\BOOKMARK [2][-]{subsection.3.3.4}{Disc DFs}{section.3.3}% 41
\BOOKMARK [2][-]{subsection.3.3.5}{Rigid Disc Dynamics}{section.3.3}% 42
\BOOKMARK [2][-]{subsection.3.3.6}{Test-bed Simulation of an Isolated Galaxy}{section.3.3}% 43
\BOOKMARK [1][-]{section.3.4}{Cosmological Simulations}{chapter.3}% 44
\BOOKMARK [2][-]{subsection.3.4.1}{Bar Formation}{section.3.4}% 45
\BOOKMARK [2][-]{subsection.3.4.2}{Kicked-up Stars and Disc Heating}{section.3.4}% 46
\BOOKMARK [1][-]{section.3.5}{Halo Substructure in the Presence of a Disc}{chapter.3}% 47
\BOOKMARK [2][-]{subsection.3.5.1}{Global Properties of the Halo}{section.3.5}% 48
\BOOKMARK [2][-]{subsection.3.5.2}{Subhalo Populations}{section.3.5}% 49
\BOOKMARK [2][-]{subsection.3.5.3}{Case Study: A Sagittarius-like Dwarf}{section.3.5}% 50
\BOOKMARK [1][-]{section.3.6}{Conclusions}{chapter.3}% 51
\BOOKMARK [0][-]{chapter.4}{Implementing Disc Insertion Schemes in Gadget-3}{}% 52
\BOOKMARK [1][-]{section.4.1}{Representing a Rigid Disk}{chapter.4}% 53
\BOOKMARK [2][-]{subsection.4.1.1}{Rigid Disk Initial Conditions}{section.4.1}% 54
\BOOKMARK [1][-]{section.4.2}{Integrating the Rigid Body Equations}{chapter.4}% 55
\BOOKMARK [2][-]{subsection.4.2.1}{Initial Parameters and Timestep Selection}{section.4.2}% 56
\BOOKMARK [2][-]{subsection.4.2.2}{Integration}{section.4.2}% 57
\BOOKMARK [1][-]{section.4.3}{Live Disk Setup and Initial Conditions}{chapter.4}% 58
\BOOKMARK [2][-]{subsection.4.3.1}{Creating Live Initial Conditions}{section.4.3}% 59
\BOOKMARK [2][-]{subsection.4.3.2}{Code Setup}{section.4.3}% 60
\BOOKMARK [1][-]{section.4.4}{Known Issues and Pet Peeves}{chapter.4}% 61
\BOOKMARK [2][-]{subsection.4.4.1}{Choosing a Timestep and Integration Scheme}{section.4.4}% 62
\BOOKMARK [2][-]{subsection.4.4.2}{Damping}{section.4.4}% 63
\BOOKMARK [2][-]{subsection.4.4.3}{Those Compile-Time Options}{section.4.4}% 64
\BOOKMARK [2][-]{subsection.4.4.4}{Watch out for Single-Precision Floats}{section.4.4}% 65
\BOOKMARK [0][-]{chapter.5}{Cosmological Bar Formation: Nature vs Nurture}{}% 66
\BOOKMARK [1][-]{section.5.1}{Abstract}{chapter.5}% 67
\BOOKMARK [1][-]{section.5.2}{Introduction}{chapter.5}% 68
\BOOKMARK [1][-]{section.5.3}{Theoretical Considerations}{chapter.5}% 69
\BOOKMARK [2][-]{subsection.5.3.1}{Q and X}{section.5.3}% 70
\BOOKMARK [2][-]{subsection.5.3.2}{Vertical Structure of Stellar Discs}{section.5.3}% 71
\BOOKMARK [2][-]{subsection.5.3.3}{Effect of Gravitational Softening}{section.5.3}% 72
\BOOKMARK [1][-]{section.5.4}{Models and Simulations}{chapter.5}% 73
\BOOKMARK [2][-]{subsection.5.4.1}{Initial Conditions for Isolated Galaxy Simulations}{section.5.4}% 74
\BOOKMARK [2][-]{subsection.5.4.2}{Description of Simulations}{section.5.4}% 75
\BOOKMARK [2][-]{subsection.5.4.3}{Comparison with Previous Work}{section.5.4}% 76
\BOOKMARK [1][-]{section.5.5}{Isolated Galaxy Simulations}{chapter.5}% 77
\BOOKMARK [2][-]{subsection.5.5.1}{Morphology of Bar Forming Galaxies}{section.5.5}% 78
\BOOKMARK [2][-]{subsection.5.5.2}{Bar Strength Parameter A2}{section.5.5}% 79
\BOOKMARK [2][-]{subsection.5.5.3}{Vertical Structure and Velocity Dispersion}{section.5.5}% 80
\BOOKMARK [2][-]{subsection.5.5.4}{Simulations Where Buckling is Suppressed}{section.5.5}% 81
\BOOKMARK [1][-]{section.5.6}{Cosmological Simulations}{chapter.5}% 82
\BOOKMARK [2][-]{subsection.5.6.1}{Simulation Setup; Inserting Discs into Cosmological Haloes}{section.5.6}% 83
\BOOKMARK [2][-]{subsection.5.6.2}{Results}{section.5.6}% 84
\BOOKMARK [1][-]{section.5.7}{Conclusions}{chapter.5}% 85
\BOOKMARK [0][-]{chapter.6}{Forming Vertical Structure in CDM Discs}{}% 86
\BOOKMARK [1][-]{section.6.1}{Abstract}{chapter.6}% 87
\BOOKMARK [1][-]{section.6.2}{Introduction}{chapter.6}% 88
\BOOKMARK [1][-]{section.6.3}{Overview}{chapter.6}% 89
\BOOKMARK [2][-]{subsection.6.3.1}{Quantifying Structure in Discs}{section.6.3}% 90
\BOOKMARK [2][-]{subsection.6.3.2}{Toy Model: Acceleration Along the Symmetry Axis}{section.6.3}% 91
\BOOKMARK [2][-]{subsection.6.3.3}{Toy Model: Massive Subhalo Interaction}{section.6.3}% 92
\BOOKMARK [1][-]{section.6.4}{Description of Experiments}{chapter.6}% 93
\BOOKMARK [2][-]{subsection.6.4.1}{Disc Insertion Technique}{section.6.4}% 94
\BOOKMARK [2][-]{subsection.6.4.2}{Numerical Experiments}{section.6.4}% 95
\BOOKMARK [2][-]{subsection.6.4.3}{Halo Environments}{section.6.4}% 96
\BOOKMARK [1][-]{section.6.5}{Structure and Evolution of Simulation Models}{chapter.6}% 97
\BOOKMARK [2][-]{subsection.6.5.1}{Bar Formation}{section.6.5}% 98
\BOOKMARK [2][-]{subsection.6.5.2}{Disc Heating}{section.6.5}% 99
\BOOKMARK [2][-]{subsection.6.5.3}{Bending in Cosmological Discs}{section.6.5}% 100
\BOOKMARK [1][-]{section.6.6}{KUD Dynamics}{chapter.6}% 101
\BOOKMARK [2][-]{subsection.6.6.1}{Definition and Calculation from Simulations}{section.6.6}% 102
\BOOKMARK [2][-]{subsection.6.6.2}{KUD Star Dynamics}{section.6.6}% 103
\BOOKMARK [1][-]{section.6.7}{What Causes the Milky Way's Vertical Structure?}{chapter.6}% 104
\BOOKMARK [2][-]{subsection.6.7.1}{Torque Signature from Halo Environments}{section.6.7}% 105
\BOOKMARK [2][-]{subsection.6.7.2}{Time Evolution in Characteristic Scenarios}{section.6.7}% 106
\BOOKMARK [2][-]{subsection.6.7.3}{Banana Bars}{section.6.7}% 107
\BOOKMARK [1][-]{section.6.8}{Discussion}{chapter.6}% 108
\BOOKMARK [2][-]{subsection.6.8.1}{Disc Flapping}{section.6.8}% 109
\BOOKMARK [2][-]{subsection.6.8.2}{m=1 Bending}{section.6.8}% 110
\BOOKMARK [2][-]{subsection.6.8.3}{KUD Stars and Feathers}{section.6.8}% 111
\BOOKMARK [1][-]{section.6.9}{Conclusions}{chapter.6}% 112
\BOOKMARK [0][-]{chapter.7}{Summary and Conclusions}{}% 113
\BOOKMARK [1][-]{section.7.1}{Disk-Halo Interactions}{chapter.7}% 114
\BOOKMARK [2][-]{subsection.7.1.1}{Summary}{section.7.1}% 115
\BOOKMARK [2][-]{subsection.7.1.2}{Future Work}{section.7.1}% 116
\BOOKMARK [1][-]{section.7.2}{Bar Formation}{chapter.7}% 117
\BOOKMARK [2][-]{subsection.7.2.1}{Summary}{section.7.2}% 118
\BOOKMARK [2][-]{subsection.7.2.2}{Future Work}{section.7.2}% 119
\BOOKMARK [1][-]{section.7.3}{Vertical Structure}{chapter.7}% 120
\BOOKMARK [2][-]{subsection.7.3.1}{Summary}{section.7.3}% 121
\BOOKMARK [2][-]{subsection.7.3.2}{Future Work}{section.7.3}% 122
\BOOKMARK [1][-]{section.7.4}{Closing Remarks}{chapter.7}% 123
\BOOKMARK [0][-]{appendix.A}{Referenced Code: kicks.c}{}% 124
\BOOKMARK [0][-]{appendix.B}{Referenced Code: predict.c}{}% 125
\BOOKMARK [0][-]{appendix.C}{Referenced Code: extract\137halo\137ascii.py}{}% 126
\BOOKMARK [0][-]{appendix.D}{Referenced Code: merge\137ics.cpp}{}% 127
\BOOKMARK [0][-]{appendix.E}{Referenced Code: timestep.c}{}% 128
