This is pdfTeX, Version 3.14159265-2.6-1.40.16 (TeX Live 2015/Debian) (preloaded format=pdflatex 2019.2.23)  14 JUL 2019 22:13
entering extended mode
 restricted \write18 enabled.
 %&-line parsing enabled.
**Thesis.tex
(./Thesis.tex
LaTeX2e <2016/02/01>
Babel <3.9q> and hyphenation patterns for 81 language(s) loaded.
\@input{myPreamble.aux}
\openout2 = `myPreamble.aux'.

(./myPreamble.tex (/usr/share/texlive/texmf-dist/tex/latex/base/report.cls
Document Class: report 2014/09/29 v1.4h Standard LaTeX document class
(/usr/share/texlive/texmf-dist/tex/latex/base/size12.clo
File: size12.clo 2014/09/29 v1.4h Standard LaTeX file (size option)
)
\c@part=\count79
\c@chapter=\count80
\c@section=\count81
\c@subsection=\count82
\c@subsubsection=\count83
\c@paragraph=\count84
\c@subparagraph=\count85
\c@figure=\count86
\c@table=\count87
\abovecaptionskip=\skip41
\belowcaptionskip=\skip42
\bibindent=\dimen102
) (./quthesis.sty
Document Style Option `quthesisDJ' <24-Aug-2003>.
(/usr/share/texlive/texmf-dist/tex/latex/fancyhdr/fancyhdr.sty
\fancy@headwidth=\skip43
\f@ncyO@elh=\skip44
\f@ncyO@erh=\skip45
\f@ncyO@olh=\skip46
\f@ncyO@orh=\skip47
\f@ncyO@elf=\skip48
\f@ncyO@erf=\skip49
\f@ncyO@olf=\skip50
\f@ncyO@orf=\skip51
))
(/usr/share/texlive/texmf-dist/tex/latex/cite/chapterbib.sty
\c@inputfile=\count88
Package: chapterbib 2010/09/18  v 1.17
)
(/usr/share/texlive/texmf-dist/tex/latex/listings/listings.sty
(/usr/share/texlive/texmf-dist/tex/latex/graphics/keyval.sty
Package: keyval 2014/10/28 v1.15 key=value parser (DPC)
\KV@toks@=\toks14
)
\lst@mode=\count89
\lst@gtempboxa=\box26
\lst@token=\toks15
\lst@length=\count90
\lst@currlwidth=\dimen103
\lst@column=\count91
\lst@pos=\count92
\lst@lostspace=\dimen104
\lst@width=\dimen105
\lst@newlines=\count93
\lst@lineno=\count94
\lst@maxwidth=\dimen106

(/usr/share/texlive/texmf-dist/tex/latex/listings/lstmisc.sty
File: lstmisc.sty 2015/06/04 1.6 (Carsten Heinz)
\c@lstnumber=\count95
\lst@skipnumbers=\count96
\lst@framebox=\box27
)
(/usr/share/texlive/texmf-dist/tex/latex/listings/listings.cfg
File: listings.cfg 2015/06/04 1.6 listings configuration
))
Package: listings 2015/06/04 1.6 (Carsten Heinz)

(/usr/share/texlive/texmf-dist/tex/latex/graphics/color.sty
Package: color 2016/01/03 v1.1b Standard LaTeX Color (DPC)

(/usr/share/texlive/texmf-dist/tex/latex/latexconfig/color.cfg
File: color.cfg 2007/01/18 v1.5 color configuration of teTeX/TeXLive
)
Package color Info: Driver file: pdftex.def on input line 143.

(/usr/share/texlive/texmf-dist/tex/latex/pdftex-def/pdftex.def
File: pdftex.def 2011/05/27 v0.06d Graphics/color for pdfTeX

(/usr/share/texlive/texmf-dist/tex/generic/oberdiek/infwarerr.sty
Package: infwarerr 2010/04/08 v1.3 Providing info/warning/error messages (HO)
)
(/usr/share/texlive/texmf-dist/tex/generic/oberdiek/ltxcmds.sty
Package: ltxcmds 2011/11/09 v1.22 LaTeX kernel commands for general use (HO)
)
\Gread@gobject=\count97
))
(/usr/share/texlive/texmf-dist/tex/latex/tools/longtable.sty
Package: longtable 2014/10/28 v4.11 Multi-page Table package (DPC)
\LTleft=\skip52
\LTright=\skip53
\LTpre=\skip54
\LTpost=\skip55
\LTchunksize=\count98
\LTcapwidth=\dimen107
\LT@head=\box28
\LT@firsthead=\box29
\LT@foot=\box30
\LT@lastfoot=\box31
\LT@cols=\count99
\LT@rows=\count100
\c@LT@tables=\count101
\c@LT@chunks=\count102
\LT@p@ftn=\toks16
)
(/usr/share/texlive/texmf-dist/tex/latex/hyperref/hyperref.sty
Package: hyperref 2012/11/06 v6.83m Hypertext links for LaTeX

(/usr/share/texlive/texmf-dist/tex/generic/oberdiek/hobsub-hyperref.sty
Package: hobsub-hyperref 2012/05/28 v1.13 Bundle oberdiek, subset hyperref (HO)


(/usr/share/texlive/texmf-dist/tex/generic/oberdiek/hobsub-generic.sty
Package: hobsub-generic 2012/05/28 v1.13 Bundle oberdiek, subset generic (HO)
Package: hobsub 2012/05/28 v1.13 Construct package bundles (HO)
Package hobsub Info: Skipping package `infwarerr' (already loaded).
Package hobsub Info: Skipping package `ltxcmds' (already loaded).
Package: ifluatex 2010/03/01 v1.3 Provides the ifluatex switch (HO)
Package ifluatex Info: LuaTeX not detected.
Package: ifvtex 2010/03/01 v1.5 Detect VTeX and its facilities (HO)
Package ifvtex Info: VTeX not detected.
Package: intcalc 2007/09/27 v1.1 Expandable calculations with integers (HO)
Package: ifpdf 2011/01/30 v2.3 Provides the ifpdf switch (HO)
Package ifpdf Info: pdfTeX in PDF mode is detected.
Package: etexcmds 2011/02/16 v1.5 Avoid name clashes with e-TeX commands (HO)
Package etexcmds Info: Could not find \expanded.
(etexcmds)             That can mean that you are not using pdfTeX 1.50 or
(etexcmds)             that some package has redefined \expanded.
(etexcmds)             In the latter case, load this package earlier.
Package: kvsetkeys 2012/04/25 v1.16 Key value parser (HO)
Package: kvdefinekeys 2011/04/07 v1.3 Define keys (HO)
Package: pdftexcmds 2011/11/29 v0.20 Utility functions of pdfTeX for LuaTeX (HO
)
Package pdftexcmds Info: LuaTeX not detected.
Package pdftexcmds Info: \pdf@primitive is available.
Package pdftexcmds Info: \pdf@ifprimitive is available.
Package pdftexcmds Info: \pdfdraftmode found.
Package: pdfescape 2011/11/25 v1.13 Implements pdfTeX's escape features (HO)
Package: bigintcalc 2012/04/08 v1.3 Expandable calculations on big integers (HO
)
Package: bitset 2011/01/30 v1.1 Handle bit-vector datatype (HO)
Package: uniquecounter 2011/01/30 v1.2 Provide unlimited unique counter (HO)
)
Package hobsub Info: Skipping package `hobsub' (already loaded).
Package: letltxmacro 2010/09/02 v1.4 Let assignment for LaTeX macros (HO)
Package: hopatch 2012/05/28 v1.2 Wrapper for package hooks (HO)
Package: xcolor-patch 2011/01/30 xcolor patch
Package: atveryend 2011/06/30 v1.8 Hooks at the very end of document (HO)
Package atveryend Info: \enddocument detected (standard20110627).
Package: atbegshi 2011/10/05 v1.16 At begin shipout hook (HO)
Package: refcount 2011/10/16 v3.4 Data extraction from label references (HO)
Package: hycolor 2011/01/30 v1.7 Color options for hyperref/bookmark (HO)
)
(/usr/share/texlive/texmf-dist/tex/generic/ifxetex/ifxetex.sty
Package: ifxetex 2010/09/12 v0.6 Provides ifxetex conditional
)
(/usr/share/texlive/texmf-dist/tex/latex/oberdiek/auxhook.sty
Package: auxhook 2011/03/04 v1.3 Hooks for auxiliary files (HO)
)
(/usr/share/texlive/texmf-dist/tex/latex/oberdiek/kvoptions.sty
Package: kvoptions 2011/06/30 v3.11 Key value format for package options (HO)
)
\@linkdim=\dimen108
\Hy@linkcounter=\count103
\Hy@pagecounter=\count104

(/usr/share/texlive/texmf-dist/tex/latex/hyperref/pd1enc.def
File: pd1enc.def 2012/11/06 v6.83m Hyperref: PDFDocEncoding definition (HO)
)
\Hy@SavedSpaceFactor=\count105

(/usr/share/texlive/texmf-dist/tex/latex/latexconfig/hyperref.cfg
File: hyperref.cfg 2002/06/06 v1.2 hyperref configuration of TeXLive
)
Package hyperref Info: Hyper figures OFF on input line 4443.
Package hyperref Info: Link nesting OFF on input line 4448.
Package hyperref Info: Hyper index ON on input line 4451.
Package hyperref Info: Plain pages OFF on input line 4458.
Package hyperref Info: Backreferencing OFF on input line 4463.
Package hyperref Info: Implicit mode ON; LaTeX internals redefined.
Package hyperref Info: Bookmarks ON on input line 4688.
\c@Hy@tempcnt=\count106

(/usr/share/texlive/texmf-dist/tex/latex/url/url.sty
\Urlmuskip=\muskip10
Package: url 2013/09/16  ver 3.4  Verb mode for urls, etc.
)
LaTeX Info: Redefining \url on input line 5041.
\XeTeXLinkMargin=\dimen109
\Fld@menulength=\count107
\Field@Width=\dimen110
\Fld@charsize=\dimen111
Package hyperref Info: Hyper figures OFF on input line 6295.
Package hyperref Info: Link nesting OFF on input line 6300.
Package hyperref Info: Hyper index ON on input line 6303.
Package hyperref Info: backreferencing OFF on input line 6310.
Package hyperref Info: Link coloring OFF on input line 6315.
Package hyperref Info: Link coloring with OCG OFF on input line 6320.
Package hyperref Info: PDF/A mode OFF on input line 6325.
LaTeX Info: Redefining \ref on input line 6365.
LaTeX Info: Redefining \pageref on input line 6369.
\Hy@abspage=\count108
\c@Item=\count109
\c@Hfootnote=\count110
)

Package hyperref Message: Driver (autodetected): hpdftex.

(/usr/share/texlive/texmf-dist/tex/latex/hyperref/hpdftex.def
File: hpdftex.def 2012/11/06 v6.83m Hyperref driver for pdfTeX
\Fld@listcount=\count111
\c@bookmark@seq@number=\count112

(/usr/share/texlive/texmf-dist/tex/latex/oberdiek/rerunfilecheck.sty
Package: rerunfilecheck 2011/04/15 v1.7 Rerun checks for auxiliary files (HO)
Package uniquecounter Info: New unique counter `rerunfilecheck' on input line 2
82.
)
\Hy@SectionHShift=\skip56
)
(/usr/share/texlive/texmf-dist/tex/latex/setspace/setspace.sty
Package: setspace 2011/12/19 v6.7a set line spacing
)
(/usr/share/texlive/texmf-dist/tex/latex/tocloft/tocloft.sty
Package: tocloft 2013/05/02 v2.3f parameterised ToC, etc., typesetting
Package tocloft Info: The document has chapter divisions on input line 44.
\cftparskip=\skip57
\cftbeforetoctitleskip=\skip58
\cftaftertoctitleskip=\skip59
\cftbeforepartskip=\skip60
\cftpartnumwidth=\skip61
\cftpartindent=\skip62
\cftbeforechapskip=\skip63
\cftchapindent=\skip64
\cftchapnumwidth=\skip65
\cftbeforesecskip=\skip66
\cftsecindent=\skip67
\cftsecnumwidth=\skip68
\cftbeforesubsecskip=\skip69
\cftsubsecindent=\skip70
\cftsubsecnumwidth=\skip71
\cftbeforesubsubsecskip=\skip72
\cftsubsubsecindent=\skip73
\cftsubsubsecnumwidth=\skip74
\cftbeforeparaskip=\skip75
\cftparaindent=\skip76
\cftparanumwidth=\skip77
\cftbeforesubparaskip=\skip78
\cftsubparaindent=\skip79
\cftsubparanumwidth=\skip80
\cftbeforeloftitleskip=\skip81
\cftafterloftitleskip=\skip82
\cftbeforefigskip=\skip83
\cftfigindent=\skip84
\cftfignumwidth=\skip85
\cftbeforelottitleskip=\skip86
\cftafterlottitleskip=\skip87
\cftbeforetabskip=\skip88
\cfttabindent=\skip89
\cfttabnumwidth=\skip90
\cftbeforesubfigskip=\skip91
\cftsubfigindent=\skip92
\cftsubfignumwidth=\skip93
\cftbeforesubtabskip=\skip94
\cftsubtabindent=\skip95
\cftsubtabnumwidth=\skip96
)
(/usr/share/texlive/texmf-dist/tex/latex/moreverb/moreverb.sty
Package: moreverb 2008/06/03 v2.3a `more' verbatim facilities

(/usr/share/texlive/texmf-dist/tex/latex/tools/verbatim.sty
Package: verbatim 2014/10/28 v1.5q LaTeX2e package for verbatim enhancements
\every@verbatim=\toks17
\verbatim@line=\toks18
\verbatim@in@stream=\read1
)
\tab@position=\count113
\tab@size=\count114
\listing@line=\count115
)
(/usr/share/texlive/texmf-dist/tex/latex/amsmath/amsmath.sty
Package: amsmath 2016/03/03 v2.15a AMS math features
\@mathmargin=\skip97

For additional information on amsmath, use the `?' option.
(/usr/share/texlive/texmf-dist/tex/latex/amsmath/amstext.sty
Package: amstext 2000/06/29 v2.01 AMS text

(/usr/share/texlive/texmf-dist/tex/latex/amsmath/amsgen.sty
File: amsgen.sty 1999/11/30 v2.0 generic functions
\@emptytoks=\toks19
\ex@=\dimen112
))
(/usr/share/texlive/texmf-dist/tex/latex/amsmath/amsbsy.sty
Package: amsbsy 1999/11/29 v1.2d Bold Symbols
\pmbraise@=\dimen113
)
(/usr/share/texlive/texmf-dist/tex/latex/amsmath/amsopn.sty
Package: amsopn 1999/12/14 v2.01 operator names
)
\inf@bad=\count116
LaTeX Info: Redefining \frac on input line 199.
\uproot@=\count117
\leftroot@=\count118
LaTeX Info: Redefining \overline on input line 297.
\classnum@=\count119
\DOTSCASE@=\count120
LaTeX Info: Redefining \ldots on input line 394.
LaTeX Info: Redefining \dots on input line 397.
LaTeX Info: Redefining \cdots on input line 518.
\Mathstrutbox@=\box32
\strutbox@=\box33
\big@size=\dimen114
LaTeX Font Info:    Redeclaring font encoding OML on input line 630.
LaTeX Font Info:    Redeclaring font encoding OMS on input line 631.
\macc@depth=\count121
\c@MaxMatrixCols=\count122
\dotsspace@=\muskip11
\c@parentequation=\count123
\dspbrk@lvl=\count124
\tag@help=\toks20
\row@=\count125
\column@=\count126
\maxfields@=\count127
\andhelp@=\toks21
\eqnshift@=\dimen115
\alignsep@=\dimen116
\tagshift@=\dimen117
\tagwidth@=\dimen118
\totwidth@=\dimen119
\lineht@=\dimen120
\@envbody=\toks22
\multlinegap=\skip98
\multlinetaggap=\skip99
\mathdisplay@stack=\toks23
LaTeX Info: Redefining \[ on input line 2735.
LaTeX Info: Redefining \] on input line 2736.
)
(/usr/share/texlive/texmf-dist/tex/latex/amsfonts/amssymb.sty
Package: amssymb 2013/01/14 v3.01 AMS font symbols

(/usr/share/texlive/texmf-dist/tex/latex/amsfonts/amsfonts.sty
Package: amsfonts 2013/01/14 v3.01 Basic AMSFonts support
\symAMSa=\mathgroup4
\symAMSb=\mathgroup5
LaTeX Font Info:    Overwriting math alphabet `\mathfrak' in version `bold'
(Font)                  U/euf/m/n --> U/euf/b/n on input line 106.
))
(/usr/share/texlive/texmf-dist/tex/latex/amscls/amsthm.sty
Package: amsthm 2015/03/04 v2.20.2
\thm@style=\toks24
\thm@bodyfont=\toks25
\thm@headfont=\toks26
\thm@notefont=\toks27
\thm@headpunct=\toks28
\thm@preskip=\skip100
\thm@postskip=\skip101
\thm@headsep=\skip102
\dth@everypar=\toks29
)
(/usr/share/texlive/texmf-dist/tex/latex/cases/cases.sty
Package: cases 2002/05/02 ver 2.5 
)
(/usr/share/texlive/texmf-dist/tex/latex/tools/calc.sty
Package: calc 2014/10/28 v4.3 Infix arithmetic (KKT,FJ)
\calc@Acount=\count128
\calc@Bcount=\count129
\calc@Adimen=\dimen121
\calc@Bdimen=\dimen122
\calc@Askip=\skip103
\calc@Bskip=\skip104
LaTeX Info: Redefining \setlength on input line 80.
LaTeX Info: Redefining \addtolength on input line 81.
\calc@Ccount=\count130
\calc@Cskip=\skip105
)
(/usr/share/texlive/texmf-dist/tex/latex/graphics/graphicx.sty
Package: graphicx 2014/10/28 v1.0g Enhanced LaTeX Graphics (DPC,SPQR)

(/usr/share/texlive/texmf-dist/tex/latex/graphics/graphics.sty
Package: graphics 2016/01/03 v1.0q Standard LaTeX Graphics (DPC,SPQR)

(/usr/share/texlive/texmf-dist/tex/latex/graphics/trig.sty
Package: trig 2016/01/03 v1.10 sin cos tan (DPC)
)
(/usr/share/texlive/texmf-dist/tex/latex/latexconfig/graphics.cfg
File: graphics.cfg 2010/04/23 v1.9 graphics configuration of TeX Live
)
Package graphics Info: Driver file: pdftex.def on input line 95.
)
\Gin@req@height=\dimen123
\Gin@req@width=\dimen124
)
(/usr/share/texlive/texmf-dist/tex/latex/subfigure/subfigure.sty
Package: subfigure 2002/03/15 v2.1.5 subfigure package
\subfigtopskip=\skip106
\subfigcapskip=\skip107
\subfigcaptopadj=\dimen125
\subfigbottomskip=\skip108
\subfigcapmargin=\dimen126
\subfiglabelskip=\skip109
\c@subfigure=\count131
\c@lofdepth=\count132
\c@subtable=\count133
\c@lotdepth=\count134

****************************************
* Local config file subfigure.cfg used *
****************************************
(/usr/share/texlive/texmf-dist/tex/latex/subfigure/subfigure.cfg)
\subfig@top=\skip110
\subfig@bottom=\skip111
)
(/usr/share/texlive/texmf-dist/tex/latex/boxedminipage/boxedminipage.sty)
(/usr/share/texlive/texmf-dist/tex/generic/dvips/rotate.sty
\@rotdimen=\dimen127
\@rotbox=\box34
)
(/usr/share/texlive/texmf-dist/tex/latex/float/float.sty
Package: float 2001/11/08 v1.3d Float enhancements (AL)
\c@float@type=\count135
\float@exts=\toks30
\float@box=\box35
\@float@everytoks=\toks31
\@floatcapt=\box36
)
\@float@every@Listing=\toks32
\c@Listing=\count136

(/usr/share/texlive/texmf-dist/tex/latex/tools/tabularx.sty
Package: tabularx 2014/10/28 v2.10 `tabularx' package (DPC)

(/usr/share/texlive/texmf-dist/tex/latex/tools/array.sty
Package: array 2014/10/28 v2.4c Tabular extension package (FMi)
\col@sep=\dimen128
\extrarowheight=\dimen129
\NC@list=\toks33
\extratabsurround=\skip112
\backup@length=\skip113
)
\TX@col@width=\dimen130
\TX@old@table=\dimen131
\TX@old@col=\dimen132
\TX@target=\dimen133
\TX@delta=\dimen134
\TX@cols=\count137
\TX@ftn=\toks34
)
(/usr/share/texlive/texmf-dist/tex/latex/threeparttable/threeparttable.sty
Package: threeparttable 2003/06/13  v 3.0
\@tempboxb=\box37
)
(/usr/share/texlive/texmf-dist/tex/latex/caption/caption.sty
Package: caption 2016/02/21 v3.3-144 Customizing captions (AR)

(/usr/share/texlive/texmf-dist/tex/latex/caption/caption3.sty
Package: caption3 2016/02/04 v1.7-139 caption3 kernel (AR)
Package caption3 Info: TeX engine: e-TeX on input line 67.
\captionmargin=\dimen135
\captionmargin@=\dimen136
\captionwidth=\dimen137
\caption@tempdima=\dimen138
\caption@indent=\dimen139
\caption@parindent=\dimen140
\caption@hangindent=\dimen141
)
\c@ContinuedFloat=\count138
Package caption Info: float package is loaded.
Package caption Info: hyperref package is loaded.
Package caption Info: listings package is loaded.
Package caption Info: longtable package is loaded.

(/usr/share/texlive/texmf-dist/tex/latex/caption/ltcaption.sty
Package: ltcaption 2013/06/09 v1.4-94 longtable captions (AR)
)
Package caption Info: subfigure package is loaded.
Package caption Info: threeparttable package is loaded.
)
(/usr/share/texlive/texmf-dist/tex/latex/tools/layout.sty
Package: layout 2014/10/28 v1.2c Show layout parameters
\oneinch=\count139
\cnt@paperwidth=\count140
\cnt@paperheight=\count141
\cnt@hoffset=\count142
\cnt@voffset=\count143
\cnt@textheight=\count144
\cnt@textwidth=\count145
\cnt@topmargin=\count146
\cnt@oddsidemargin=\count147
\cnt@evensidemargin=\count148
\cnt@headheight=\count149
\cnt@headsep=\count150
\cnt@marginparsep=\count151
\cnt@marginparwidth=\count152
\cnt@marginparpush=\count153
\cnt@footskip=\count154
\fheight=\count155
\ref@top=\count156
\ref@hoffset=\count157
\ref@voffset=\count158
\ref@head=\count159
\ref@body=\count160
\ref@foot=\count161
\ref@margin=\count162
\ref@marginwidth=\count163
\ref@marginpar=\count164
\Interval=\count165
\ExtraYPos=\count166
\PositionX=\count167
\PositionY=\count168
\ArrowLength=\count169
)
(/usr/share/texlive/texmf-dist/tex/latex/changebar/changebar.sty
Package: changebar 2005/09/18 v3.5c Indicate changes with marginal bars
\cb@nextpoint=\count170
\cb@topleft=\count171
\cb@topright=\count172
\cb@botleft=\count173
\cb@botright=\count174
\cb@cnta=\count175
\cb@cntb=\count176
\cb@dima=\dimen142
\cb@curbarwd=\dimen143
\cb@page=\count177
\cb@pagecount=\count178
\cb@odd@left=\dimen144
\cb@odd@right=\dimen145
\cb@even@left=\dimen146
\cb@even@right=\dimen147
\cb@writexy=\write3
\cb@readxy=\read2
\openout3 = `Thesis.cb2'.

\changebarwidth=\skip114
\deletebarwidth=\skip115
\changebarsep=\skip116
\c@changebargrey=\count179
\cb@write=\write4
\cb@read=\read3
\openout4 = `Thesis.cb'.

)
(/usr/share/texlive/texmf-dist/tex/latex/tools/varioref.sty
Package: varioref 2015/09/22 v1.5b package for extended references (FMi)
\c@vrcnt=\count180
)
(/usr/share/texlive/texmf-dist/tex/latex/natbib/natbib.sty
Package: natbib 2010/09/13 8.31b (PWD, AO)
\bibhang=\skip117
\bibsep=\skip118
LaTeX Info: Redefining \cite on input line 694.
\c@NAT@ctr=\count181
))
(/usr/share/texlive/texmf-dist/tex/latex/oberdiek/epstopdf.sty
Package: epstopdf 2010/02/09 v2.5 Conversion with epstopdf on the fly (HO)

(/usr/share/texlive/texmf-dist/tex/latex/oberdiek/epstopdf-base.sty
Package: epstopdf-base 2010/02/09 v2.5 Base part for package epstopdf

(/usr/share/texlive/texmf-dist/tex/latex/oberdiek/grfext.sty
Package: grfext 2010/08/19 v1.1 Manage graphics extensions (HO)
)
Package grfext Info: Graphics extension search list:
(grfext)             [.png,.pdf,.jpg,.mps,.jpeg,.jbig2,.jb2,.PNG,.PDF,.JPG,.JPE
G,.JBIG2,.JB2,.eps]
(grfext)             \AppendGraphicsExtensions on input line 452.

(/usr/share/texlive/texmf-dist/tex/latex/latexconfig/epstopdf-sys.cfg
File: epstopdf-sys.cfg 2010/07/13 v1.3 Configuration of (r)epstopdf for TeX Liv
e
)))
(./Thesis.aux (./Introduction.aux) (./Background.aux) (./Paper_I.aux)
(./Implementation.aux) (./Paper_II.aux) (./Paper_III.aux) (./Conclusion.aux)
(./Appendices.aux))
\openout1 = `Thesis.aux'.

LaTeX Font Info:    Checking defaults for OML/cmm/m/it on input line 24.
LaTeX Font Info:    ... okay on input line 24.
LaTeX Font Info:    Checking defaults for T1/cmr/m/n on input line 24.
LaTeX Font Info:    ... okay on input line 24.
LaTeX Font Info:    Checking defaults for OT1/cmr/m/n on input line 24.
LaTeX Font Info:    ... okay on input line 24.
LaTeX Font Info:    Checking defaults for OMS/cmsy/m/n on input line 24.
LaTeX Font Info:    ... okay on input line 24.
LaTeX Font Info:    Checking defaults for OMX/cmex/m/n on input line 24.
LaTeX Font Info:    ... okay on input line 24.
LaTeX Font Info:    Checking defaults for U/cmr/m/n on input line 24.
LaTeX Font Info:    ... okay on input line 24.
LaTeX Font Info:    Checking defaults for PD1/pdf/m/n on input line 24.
LaTeX Font Info:    ... okay on input line 24.
\c@lstlisting=\count182

(/usr/share/texlive/texmf-dist/tex/context/base/supp-pdf.mkii
[Loading MPS to PDF converter (version 2006.09.02).]
\scratchcounter=\count183
\scratchdimen=\dimen148
\scratchbox=\box38
\nofMPsegments=\count184
\nofMParguments=\count185
\everyMPshowfont=\toks35
\MPscratchCnt=\count186
\MPscratchDim=\dimen149
\MPnumerator=\count187
\makeMPintoPDFobject=\count188
\everyMPtoPDFconversion=\toks36
)
\AtBeginShipoutBox=\box39
Package hyperref Info: Link coloring OFF on input line 24.
 (/usr/share/texlive/texmf-dist/tex/latex/hyperref/nameref.sty
Package: nameref 2012/10/27 v2.43 Cross-referencing by name of section

(/usr/share/texlive/texmf-dist/tex/generic/oberdiek/gettitlestring.sty
Package: gettitlestring 2010/12/03 v1.4 Cleanup title references (HO)
)
\c@section@level=\count189
LaTeX Info: Redefining \Ref on input line 513.
)
LaTeX Info: Redefining \ref on input line 24.
LaTeX Info: Redefining \pageref on input line 24.
LaTeX Info: Redefining \nameref on input line 24.

(./Thesis.out) (./Thesis.out)
\@outlinefile=\write5
\openout5 = `Thesis.out'.

LaTeX Info: Redefining \Ref on input line 24.
Package caption Info: Begin \AtBeginDocument code.
Package caption Info: End \AtBeginDocument code.
LaTeX Font Info:    Try loading font information for OMS+cmr on input line 48.

(/usr/share/texlive/texmf-dist/tex/latex/base/omscmr.fd
File: omscmr.fd 2014/09/29 v2.5h Standard LaTeX font definitions
)
LaTeX Font Info:    Font shape `OMS/cmr/m/n' in size <12> not available
(Font)              Font shape `OMS/cmsy/m/n' tried instead on input line 48.
 [1



{/var/lib/texmf/fonts/map/pdftex/updmap/pdftex.map}] [1

] (./Abstract.tex
LaTeX Font Info:    Try loading font information for U+msa on input line 2.

(/usr/share/texlive/texmf-dist/tex/latex/amsfonts/umsa.fd
File: umsa.fd 2013/01/14 v3.01 AMS symbols A
)
LaTeX Font Info:    Try loading font information for U+msb on input line 2.

(/usr/share/texlive/texmf-dist/tex/latex/amsfonts/umsb.fd
File: umsb.fd 2013/01/14 v3.01 AMS symbols B
)) [2



] [3]
Missing character: There is no â in font cmr12!
Missing character: There is no € in font cmr12!
Missing character: There is no ™ in font cmr12!
 [4


]
[5] [6


] [7] (./Thesis.toc [8

]

LaTeX Font Warning: Font shape `OT1/cmr/bx/sc' undefined
(Font)              using `OT1/cmr/bx/n' instead on input line 58.

[9] [10])
\tf@toc=\write6
\openout6 = `Thesis.toc'.

 [11] (./Thesis.lot)
\tf@lot=\write7
\openout7 = `Thesis.lot'.

 [12

] [13] (./Thesis.lof [14

] [15] [16] [17]
[18]
Overfull \hbox (12.10342pt too wide) in paragraph at lines 41--41
 [][] [][]\OT1/cmr/m/n/12 Projections for the D.I (left three columns) and E.II
 (right three columns). 
 []

)
\tf@lof=\write8
\openout8 = `Thesis.lof'.

 [19]
Underfull \vbox (badness 10000) detected at line 141
 []

[1


]
Underfull \vbox (badness 10000) detected at line 158
 []

[2

]
\openout2 = `Introduction.aux'.

 (./Introduction.tex
Chapter 1.
[3



] <../figures/2010_census.jpg, id=850, 366.61969pt x 305.64188pt>
File: ../figures/2010_census.jpg Graphic file (type jpg)

<use ../figures/2010_census.jpg>
Package pdftex.def Info: ../figures/2010_census.jpg used on input line 13.
(pdftex.def)             Requested size: 433.62pt x 361.52171pt.
 [4] [5 <../figures/2010_census.jpg>]
Package epstopdf Info: Source file: <../figures/local_group.eps>
(epstopdf)                    date: 2019-04-29 15:13:04
(epstopdf)                    size: 2130840 bytes
(epstopdf)             Output file: <./local_group-eps-converted-to.pdf>
(epstopdf)                    date: 2019-07-04 15:40:27
(epstopdf)                    size: 92973 bytes
(epstopdf)             Command: <repstopdf --outfile=./local_group-eps-converte
d-to.pdf ../figures/local_group.eps>
(epstopdf)             \includegraphics on input line 27.
Package epstopdf Info: Output file is already uptodate.


pdfTeX warning: pdflatex (file ./local_group-eps-converted-to.pdf): PDF inclusi
on: found PDF version <1.7>, but at most version <1.5> allowed
<./local_group-eps-converted-to.pdf, id=883, 548.0475pt x 411.5375pt>
File: ./local_group-eps-converted-to.pdf Graphic file (type pdf)

<use ./local_group-eps-converted-to.pdf>
Package pdftex.def Info: ./local_group-eps-converted-to.pdf used on input line 
27.
(pdftex.def)             Requested size: 433.62pt x 325.6197pt.
 [6] [7 <./local_group-eps-converted-to.pdf>]
Overfull \hbox (1.11377pt too wide) in paragraph at lines 50--50
[]\OT1/cmr/bx/n/17.28 Simulations as a Tool For Un-der-stand-ing Prob-
 []


Package hyperref Warning: Token not allowed in a PDF string (PDFDocEncoding):
(hyperref)                removing `math shift' on input line 50.


Package hyperref Warning: Token not allowed in a PDF string (PDFDocEncoding):
(hyperref)                removing `\Lambda' on input line 50.


Package hyperref Warning: Token not allowed in a PDF string (PDFDocEncoding):
(hyperref)                removing `math shift' on input line 50.

[8]

Package Fancyhdr Warning: \headheight is too small (15.0pt): 
 Make it at least 27.08337pt.
 We now make it that large for the rest of the document.
 This may cause the page layout to be inconsistent, however.

[9]

Package Fancyhdr Warning: \headheight is too small (15.0pt): 
 Make it at least 27.08337pt.
 We now make it that large for the rest of the document.
 This may cause the page layout to be inconsistent, however.

[10]

Package Fancyhdr Warning: \headheight is too small (15.0pt): 
 Make it at least 27.08337pt.
 We now make it that large for the rest of the document.
 This may cause the page layout to be inconsistent, however.

[11] [12] [13] [14] [15] [16] [17] [18] (./Introduction.bbl [19] [20

] [21]
[22] [23] [24] [25] [26] [27] [28])) [29]
\openout2 = `Background.aux'.

 (./Background.tex
\c@theorem=\count190

Chapter 2.

LaTeX Warning: Reference `sec:analysis_of_sims' on page 30 undefined on input l
ine 7.

[30




] [31] [32] [33] [34] [35] [36] [37] [38] [39] [40] [41]
Package epstopdf Info: Source file: <../figures/Peanocurve.eps>
(epstopdf)                    date: 2019-05-11 12:54:49
(epstopdf)                    size: 1612523 bytes
(epstopdf)             Output file: <./Peanocurve-eps-converted-to.pdf>
(epstopdf)                    date: 2019-05-11 12:56:09
(epstopdf)                    size: 13053 bytes
(epstopdf)             Command: <repstopdf --outfile=./Peanocurve-eps-converted
-to.pdf ../figures/Peanocurve.eps>
(epstopdf)             \includegraphics on input line 144.
Package epstopdf Info: Output file is already uptodate.


pdfTeX warning: pdflatex (file ./Peanocurve-eps-converted-to.pdf): PDF inclusio
n: found PDF version <1.7>, but at most version <1.5> allowed
<./Peanocurve-eps-converted-to.pdf, id=1367, 747.79375pt x 227.85126pt>
File: ./Peanocurve-eps-converted-to.pdf Graphic file (type pdf)

<use ./Peanocurve-eps-converted-to.pdf>
Package pdftex.def Info: ./Peanocurve-eps-converted-to.pdf used on input line 1
44.
(pdftex.def)             Requested size: 433.62pt x 132.12253pt.
 [42 <./Peanocurve-eps-converted-to.pdf>] [43] [44] [45] [46] [47] [48] [49] [5
0] [51] [52] [53] [54] [55] [56]
[57] [58] [59] [60] [61]
<../figures/eagle_tree.png, id=1662, 845.0772pt x 626.34pt>
File: ../figures/eagle_tree.png Graphic file (type png)

<use ../figures/eagle_tree.png>
Package pdftex.def Info: ../figures/eagle_tree.png used on input line 412.
(pdftex.def)             Requested size: 433.62pt x 321.37883pt.
 [62] [63 <../figures/eagle_tree.png>]
(./Background.bbl [64] [65

] [66] [67] [68])) [69]
\openout2 = `Paper_I.aux'.

 (./Paper_I.tex
Chapter 3.
[70




] [71] [72] [73] [74] [75] [76]

Package Fancyhdr Warning: \headheight is too small (15.0pt): 
 Make it at least 27.08337pt.
 We now make it that large for the rest of the document.
 This may cause the page layout to be inconsistent, however.

[77]
Overfull \hbox (6.20044pt too wide) in paragraph at lines 267--270
[]\OT1/cmr/m/n/12 In the first of our disc-halo sim-u-la-tions, dubbed MN, we i
n-tro-duce a rigid Miyamoto-
 []


Package Fancyhdr Warning: \headheight is too small (15.0pt): 
 Make it at least 27.08337pt.
 We now make it that large for the rest of the document.
 This may cause the page layout to be inconsistent, however.

[78]

Package Fancyhdr Warning: \headheight is too small (15.0pt): 
 Make it at least 27.08337pt.
 We now make it that large for the rest of the document.
 This may cause the page layout to be inconsistent, however.

[79]

Package Fancyhdr Warning: \headheight is too small (15.0pt): 
 Make it at least 27.08337pt.
 We now make it that large for the rest of the document.
 This may cause the page layout to be inconsistent, however.

[80]

Package Fancyhdr Warning: \headheight is too small (15.0pt): 
 Make it at least 27.08337pt.
 We now make it that large for the rest of the document.
 This may cause the page layout to be inconsistent, however.

[81]

Package Fancyhdr Warning: \headheight is too small (15.0pt): 
 Make it at least 27.08337pt.
 We now make it that large for the rest of the document.
 This may cause the page layout to be inconsistent, however.

[82]

Package Fancyhdr Warning: \headheight is too small (15.0pt): 
 Make it at least 27.08337pt.
 We now make it that large for the rest of the document.
 This may cause the page layout to be inconsistent, however.

[83]

Package Fancyhdr Warning: \headheight is too small (15.0pt): 
 Make it at least 27.08337pt.
 We now make it that large for the rest of the document.
 This may cause the page layout to be inconsistent, however.

[84]
Package epstopdf Info: Source file: <../figures/flattened_halo_regressions.eps>

(epstopdf)                    date: 2018-01-05 19:59:03
(epstopdf)                    size: 91820 bytes
(epstopdf)             Output file: <./flattened_halo_regressions-eps-converted
-to.pdf>
(epstopdf)                    date: 2019-07-04 15:40:27
(epstopdf)                    size: 38860 bytes
(epstopdf)             Command: <repstopdf --outfile=./flattened_halo_regressio
ns-eps-converted-to.pdf ../figures/flattened_halo_regressions.eps>
(epstopdf)             \includegraphics on input line 498.
Package epstopdf Info: Output file is already uptodate.


pdfTeX warning: pdflatex (file ./flattened_halo_regressions-eps-converted-to.pd
f): PDF inclusion: found PDF version <1.7>, but at most version <1.5> allowed

<./flattened_halo_regressions-eps-converted-to.pdf, id=1973, 722.7pt x 873.2625
pt>
File: ./flattened_halo_regressions-eps-converted-to.pdf Graphic file (type pdf)

 <use ./flattened_halo_regressions-eps-converted-to.pdf>
Package pdftex.def Info: ./flattened_halo_regressions-eps-converted-to.pdf used
 on input line 498.
(pdftex.def)             Requested size: 390.25534pt x 471.55472pt.
Package epstopdf Info: Source file: <../figures/Flattened_Selected_Density_Pane
ls.eps>
(epstopdf)                    date: 2018-01-05 19:59:03
(epstopdf)                    size: 77655 bytes
(epstopdf)             Output file: <./Flattened_Selected_Density_Panels-eps-co
nverted-to.pdf>
(epstopdf)                    date: 2018-01-05 20:01:37
(epstopdf)                    size: 15371 bytes
(epstopdf)             Command: <repstopdf --outfile=./Flattened_Selected_Densi
ty_Panels-eps-converted-to.pdf ../figures/Flattened_Selected_Density_Panels.eps
>
(epstopdf)             \includegraphics on input line 530.
Package epstopdf Info: Output file is already uptodate.

<./Flattened_Selected_Density_Panels-eps-converted-to.pdf, id=1975, 201.75375pt
 x 144.54pt>
File: ./Flattened_Selected_Density_Panels-eps-converted-to.pdf Graphic file (ty
pe pdf)
 <use ./Flattened_Selected_Density_Panels-eps-converted-to.pdf>
Package pdftex.def Info: ./Flattened_Selected_Density_Panels-eps-converted-to.p
df used on input line 530.
(pdftex.def)             Requested size: 390.25534pt x 279.58897pt.
Package epstopdf Info: Source file: <../figures/flattened_surface_densities_fix
ed.eps>
(epstopdf)                    date: 2018-01-05 19:59:03
(epstopdf)                    size: 117252 bytes
(epstopdf)             Output file: <./flattened_surface_densities_fixed-eps-co
nverted-to.pdf>
(epstopdf)                    date: 2019-07-04 15:40:27
(epstopdf)                    size: 27368 bytes
(epstopdf)             Command: <repstopdf --outfile=./flattened_surface_densit
ies_fixed-eps-converted-to.pdf ../figures/flattened_surface_densities_fixed.eps
>
(epstopdf)             \includegraphics on input line 539.
Package epstopdf Info: Output file is already uptodate.


pdfTeX warning: pdflatex (file ./flattened_surface_densities_fixed-eps-converte
d-to.pdf): PDF inclusion: found PDF version <1.7>, but at most version <1.5> al
lowed

<./flattened_surface_densities_fixed-eps-converted-to.pdf, id=1976, 686.565pt x
 650.43pt>
File: ./flattened_surface_densities_fixed-eps-converted-to.pdf Graphic file (ty
pe pdf)
 <use ./flattened_surface_densities_fixed-eps-converted-to.pdf>
Package pdftex.def Info: ./flattened_surface_densities_fixed-eps-converted-to.p
df used on input line 539.
(pdftex.def)             Requested size: 390.25534pt x 369.70685pt.


Package Fancyhdr Warning: \headheight is too small (15.0pt): 
 Make it at least 27.08337pt.
 We now make it that large for the rest of the document.
 This may cause the page layout to be inconsistent, however.

[85]

Package Fancyhdr Warning: \headheight is too small (15.0pt): 
 Make it at least 27.08337pt.
 We now make it that large for the rest of the document.
 This may cause the page layout to be inconsistent, however.

[86 <./flattened_halo_regressions-eps-converted-to.pdf>]

Package Fancyhdr Warning: \headheight is too small (15.0pt): 
 Make it at least 27.08337pt.
 We now make it that large for the rest of the document.
 This may cause the page layout to be inconsistent, however.

[87 <./Flattened_Selected_Density_Panels-eps-converted-to.pdf>]

Package Fancyhdr Warning: \headheight is too small (15.0pt): 
 Make it at least 27.08337pt.
 We now make it that large for the rest of the document.
 This may cause the page layout to be inconsistent, however.

[88 <./flattened_surface_densities_fixed-eps-converted-to.pdf>]
Package epstopdf Info: Source file: <../figures/cosmo_halo_regressions.eps>
(epstopdf)                    date: 2018-01-05 19:59:03
(epstopdf)                    size: 116802 bytes
(epstopdf)             Output file: <./cosmo_halo_regressions-eps-converted-to.
pdf>
(epstopdf)                    date: 2019-07-04 15:40:27
(epstopdf)                    size: 48261 bytes
(epstopdf)             Command: <repstopdf --outfile=./cosmo_halo_regressions-e
ps-converted-to.pdf ../figures/cosmo_halo_regressions.eps>
(epstopdf)             \includegraphics on input line 575.
Package epstopdf Info: Output file is already uptodate.


pdfTeX warning: pdflatex (file ./cosmo_halo_regressions-eps-converted-to.pdf): 
PDF inclusion: found PDF version <1.7>, but at most version <1.5> allowed

<./cosmo_halo_regressions-eps-converted-to.pdf, id=2103, 722.7pt x 873.2625pt>
File: ./cosmo_halo_regressions-eps-converted-to.pdf Graphic file (type pdf)

<use ./cosmo_halo_regressions-eps-converted-to.pdf>
Package pdftex.def Info: ./cosmo_halo_regressions-eps-converted-to.pdf used on 
input line 575.
(pdftex.def)             Requested size: 390.25534pt x 471.55472pt.
Package epstopdf Info: Source file: <../figures/all_rotation_curves_five_sims.e
ps>
(epstopdf)                    date: 2018-01-05 19:59:03
(epstopdf)                    size: 117122 bytes
(epstopdf)             Output file: <./all_rotation_curves_five_sims-eps-conver
ted-to.pdf>
(epstopdf)                    date: 2019-07-04 15:40:27
(epstopdf)                    size: 32006 bytes
(epstopdf)             Command: <repstopdf --outfile=./all_rotation_curves_five
_sims-eps-converted-to.pdf ../figures/all_rotation_curves_five_sims.eps>
(epstopdf)             \includegraphics on input line 598.
Package epstopdf Info: Output file is already uptodate.


pdfTeX warning: pdflatex (file ./all_rotation_curves_five_sims-eps-converted-to
.pdf): PDF inclusion: found PDF version <1.7>, but at most version <1.5> allowe
d

<./all_rotation_curves_five_sims-eps-converted-to.pdf, id=2107, 1445.4pt x 722.
7pt>
File: ./all_rotation_curves_five_sims-eps-converted-to.pdf Graphic file (type p
df)
 <use ./all_rotation_curves_five_sims-eps-converted-to.pdf>
Package pdftex.def Info: ./all_rotation_curves_five_sims-eps-converted-to.pdf u
sed on input line 598.
(pdftex.def)             Requested size: 433.62pt x 216.81166pt.
 [89] [90 <./cosmo_halo_regressions-eps-converted-to.pdf>] [91 <./all_rotation_
curves_five_sims-eps-converted-to.pdf>]
Package epstopdf Info: Source file: <../figures/Selected_Density_Panels.eps>
(epstopdf)                    date: 2018-01-05 19:59:03
(epstopdf)                    size: 235063 bytes
(epstopdf)             Output file: <./Selected_Density_Panels-eps-converted-to
.pdf>
(epstopdf)                    date: 2018-01-05 20:04:30
(epstopdf)                    size: 67441 bytes
(epstopdf)             Command: <repstopdf --outfile=./Selected_Density_Panels-
eps-converted-to.pdf ../figures/Selected_Density_Panels.eps>
(epstopdf)             \includegraphics on input line 657.
Package epstopdf Info: Output file is already uptodate.

<./Selected_Density_Panels-eps-converted-to.pdf, id=2236, 505.89pt x 722.7pt>
File: ./Selected_Density_Panels-eps-converted-to.pdf Graphic file (type pdf)

<use ./Selected_Density_Panels-eps-converted-to.pdf>
Package pdftex.def Info: ./Selected_Density_Panels-eps-converted-to.pdf used on
 input line 657.
(pdftex.def)             Requested size: 390.25534pt x 557.5173pt.


LaTeX Warning: Float too large for page by 40.12985pt on input line 663.

[92] [93 <./Selected_Density_Panels-eps-converted-to.pdf>]
Package epstopdf Info: Source file: <../figures/surface_densities.eps>
(epstopdf)                    date: 2018-01-05 19:59:03
(epstopdf)                    size: 194611 bytes
(epstopdf)             Output file: <./surface_densities-eps-converted-to.pdf>
(epstopdf)                    date: 2019-07-04 15:40:27
(epstopdf)                    size: 49944 bytes
(epstopdf)             Command: <repstopdf --outfile=./surface_densities-eps-co
nverted-to.pdf ../figures/surface_densities.eps>
(epstopdf)             \includegraphics on input line 721.
Package epstopdf Info: Output file is already uptodate.


pdfTeX warning: pdflatex (file ./surface_densities-eps-converted-to.pdf): PDF i
nclusion: found PDF version <1.7>, but at most version <1.5> allowed
<./surface_densities-eps-converted-to.pdf, id=2268, 686.565pt x 650.43pt>
File: ./surface_densities-eps-converted-to.pdf Graphic file (type pdf)

<use ./surface_densities-eps-converted-to.pdf>
Package pdftex.def Info: ./surface_densities-eps-converted-to.pdf used on input
 line 721.
(pdftex.def)             Requested size: 390.25534pt x 369.70685pt.
 [94] [95 <./surface_densities-eps-converted-to.pdf>] [96]
Package epstopdf Info: Source file: <../figures/halo_density_ratios_five_sims.e
ps>
(epstopdf)                    date: 2018-01-05 19:59:03
(epstopdf)                    size: 63978 bytes
(epstopdf)             Output file: <./halo_density_ratios_five_sims-eps-conver
ted-to.pdf>
(epstopdf)                    date: 2019-07-04 15:40:27
(epstopdf)                    size: 26672 bytes
(epstopdf)             Command: <repstopdf --outfile=./halo_density_ratios_five
_sims-eps-converted-to.pdf ../figures/halo_density_ratios_five_sims.eps>
(epstopdf)             \includegraphics on input line 793.
Package epstopdf Info: Output file is already uptodate.


pdfTeX warning: pdflatex (file ./halo_density_ratios_five_sims-eps-converted-to
.pdf): PDF inclusion: found PDF version <1.7>, but at most version <1.5> allowe
d

<./halo_density_ratios_five_sims-eps-converted-to.pdf, id=2368, 626.34pt x 469.
755pt>
File: ./halo_density_ratios_five_sims-eps-converted-to.pdf Graphic file (type p
df)
 <use ./halo_density_ratios_five_sims-eps-converted-to.pdf>
Package pdftex.def Info: ./halo_density_ratios_five_sims-eps-converted-to.pdf u
sed on input line 793.
(pdftex.def)             Requested size: 390.25534pt x 292.70016pt.
 [97 <./halo_density_ratios_five_sims-eps-converted-to.pdf>]
Package epstopdf Info: Source file: <../figures/eigenratios_vs_radius.eps>
(epstopdf)                    date: 2018-01-05 19:59:03
(epstopdf)                    size: 38059 bytes
(epstopdf)             Output file: <./eigenratios_vs_radius-eps-converted-to.p
df>
(epstopdf)                    date: 2019-07-04 15:40:27
(epstopdf)                    size: 14936 bytes
(epstopdf)             Command: <repstopdf --outfile=./eigenratios_vs_radius-ep
s-converted-to.pdf ../figures/eigenratios_vs_radius.eps>
(epstopdf)             \includegraphics on input line 823.
Package epstopdf Info: Output file is already uptodate.


pdfTeX warning: pdflatex (file ./eigenratios_vs_radius-eps-converted-to.pdf): P
DF inclusion: found PDF version <1.7>, but at most version <1.5> allowed
<./eigenratios_vs_radius-eps-converted-to.pdf, id=2412, 578.16pt x 578.16pt>
File: ./eigenratios_vs_radius-eps-converted-to.pdf Graphic file (type pdf)

<use ./eigenratios_vs_radius-eps-converted-to.pdf>
Package pdftex.def Info: ./eigenratios_vs_radius-eps-converted-to.pdf used on i
nput line 823.
(pdftex.def)             Requested size: 390.25534pt x 390.24998pt.
 [98] [99 <./eigenratios_vs_radius-eps-converted-to.pdf>]
Package epstopdf Info: Source file: <../figures/cumulative_radial_distribution_
five_sims.eps>
(epstopdf)                    date: 2018-01-05 19:59:03
(epstopdf)                    size: 94542 bytes
(epstopdf)             Output file: <./cumulative_radial_distribution_five_sims
-eps-converted-to.pdf>
(epstopdf)                    date: 2019-07-04 15:40:27
(epstopdf)                    size: 27670 bytes
(epstopdf)             Command: <repstopdf --outfile=./cumulative_radial_distri
bution_five_sims-eps-converted-to.pdf ../figures/cumulative_radial_distribution
_five_sims.eps>
(epstopdf)             \includegraphics on input line 868.
Package epstopdf Info: Output file is already uptodate.


pdfTeX warning: pdflatex (file ./cumulative_radial_distribution_five_sims-eps-c
onverted-to.pdf): PDF inclusion: found PDF version <1.7>, but at most version <
1.5> allowed

<./cumulative_radial_distribution_five_sims-eps-converted-to.pdf, id=2462, 578.
16pt x 490.83376pt>
File: ./cumulative_radial_distribution_five_sims-eps-converted-to.pdf Graphic f
ile (type pdf)

<use ./cumulative_radial_distribution_five_sims-eps-converted-to.pdf>
Package pdftex.def Info: ./cumulative_radial_distribution_five_sims-eps-convert
ed-to.pdf used on input line 868.
(pdftex.def)             Requested size: 390.25534pt x 331.30597pt.
Package epstopdf Info: Source file: <../figures/differential_halo_mass_fn_five_
sims.eps>
(epstopdf)                    date: 2018-01-05 19:59:03
(epstopdf)                    size: 34756 bytes
(epstopdf)             Output file: <./differential_halo_mass_fn_five_sims-eps-
converted-to.pdf>
(epstopdf)                    date: 2019-07-04 15:40:27
(epstopdf)                    size: 13826 bytes
(epstopdf)             Command: <repstopdf --outfile=./differential_halo_mass_f
n_five_sims-eps-converted-to.pdf ../figures/differential_halo_mass_fn_five_sims
.eps>
(epstopdf)             \includegraphics on input line 879.
Package epstopdf Info: Output file is already uptodate.


pdfTeX warning: pdflatex (file ./differential_halo_mass_fn_five_sims-eps-conver
ted-to.pdf): PDF inclusion: found PDF version <1.7>, but at most version <1.5> 
allowed

<./differential_halo_mass_fn_five_sims-eps-converted-to.pdf, id=2463, 578.16pt 
x 490.83376pt>
File: ./differential_halo_mass_fn_five_sims-eps-converted-to.pdf Graphic file (
type pdf)

<use ./differential_halo_mass_fn_five_sims-eps-converted-to.pdf>
Package pdftex.def Info: ./differential_halo_mass_fn_five_sims-eps-converted-to
.pdf used on input line 879.
(pdftex.def)             Requested size: 390.25534pt x 331.30597pt.
 [100] [101 <./cumulative_radial_distribution_five_sims-eps-converted-to.pdf>]
Package epstopdf Info: Source file: <../figures/streams_side_by_side_five_sims.
eps>
(epstopdf)                    date: 2018-01-05 19:59:03
(epstopdf)                    size: 2022312 bytes
(epstopdf)             Output file: <./streams_side_by_side_five_sims-eps-conve
rted-to.pdf>
(epstopdf)                    date: 2019-07-04 15:40:27
(epstopdf)                    size: 126624 bytes
(epstopdf)             Command: <repstopdf --outfile=./streams_side_by_side_fiv
e_sims-eps-converted-to.pdf ../figures/streams_side_by_side_five_sims.eps>
(epstopdf)             \includegraphics on input line 917.
Package epstopdf Info: Output file is already uptodate.


pdfTeX warning: pdflatex (file ./streams_side_by_side_five_sims-eps-converted-t
o.pdf): PDF inclusion: found PDF version <1.7>, but at most version <1.5> allow
ed

<./streams_side_by_side_five_sims-eps-converted-to.pdf, id=2527, 578.16pt x 433
.62pt>
File: ./streams_side_by_side_five_sims-eps-converted-to.pdf Graphic file (type 
pdf)
 <use ./streams_side_by_side_five_sims-eps-converted-to.pdf>
Package pdftex.def Info: ./streams_side_by_side_five_sims-eps-converted-to.pdf 
used on input line 917.
(pdftex.def)             Requested size: 433.62pt x 325.2142pt.
 [102 <./differential_halo_mass_fn_five_sims-eps-converted-to.pdf>] [103 <./str
eams_side_by_side_five_sims-eps-converted-to.pdf>] [104] [105] (./Paper_I.bbl [
106] [107

]
[108] [109] [110] [111] [112] [113])) [114]
\openout2 = `Implementation.aux'.

 (./Implementation.tex
Chapter 4.
[115




] [116] [117] [118] [119] [120] [121] [122] (./Implementation.bbl [123]))
[124

]
\openout2 = `Paper_II.aux'.

 (./Paper_II.tex
Chapter 5.
[125




] [126] [127] [128] [129] [130] [131]
Package epstopdf Info: Source file: <../figures/rotation_curves_two_panel.eps>
(epstopdf)                    date: 2018-10-18 13:40:06
(epstopdf)                    size: 33697 bytes
(epstopdf)             Output file: <./rotation_curves_two_panel-eps-converted-
to.pdf>
(epstopdf)                    date: 2019-07-04 15:40:27
(epstopdf)                    size: 13837 bytes
(epstopdf)             Command: <repstopdf --outfile=./rotation_curves_two_pane
l-eps-converted-to.pdf ../figures/rotation_curves_two_panel.eps>
(epstopdf)             \includegraphics on input line 234.
Package epstopdf Info: Output file is already uptodate.


pdfTeX warning: pdflatex (file ./rotation_curves_two_panel-eps-converted-to.pdf
): PDF inclusion: found PDF version <1.7>, but at most version <1.5> allowed

<./rotation_curves_two_panel-eps-converted-to.pdf, id=2916, 505.89pt x 686.565p
t>
File: ./rotation_curves_two_panel-eps-converted-to.pdf Graphic file (type pdf)
 <use ./rotation_curves_two_panel-eps-converted-to.pdf>
Package pdftex.def Info: ./rotation_curves_two_panel-eps-converted-to.pdf used 
on input line 234.
(pdftex.def)             Requested size: 390.25534pt x 529.64143pt.


LaTeX Warning: Float too large for page by 55.75398pt on input line 245.

Package epstopdf Info: Source file: <../figures/falpha.eps>
(epstopdf)                    date: 2018-10-18 13:40:06
(epstopdf)                    size: 10315 bytes
(epstopdf)             Output file: <./falpha-eps-converted-to.pdf>
(epstopdf)                    date: 2019-07-04 15:40:27
(epstopdf)                    size: 6453 bytes
(epstopdf)             Command: <repstopdf --outfile=./falpha-eps-converted-to.
pdf ../figures/falpha.eps>
(epstopdf)             \includegraphics on input line 308.
Package epstopdf Info: Output file is already uptodate.


pdfTeX warning: pdflatex (file ./falpha-eps-converted-to.pdf): PDF inclusion: f
ound PDF version <1.7>, but at most version <1.5> allowed
<./falpha-eps-converted-to.pdf, id=2925, 576.1525pt x 576.1525pt>
File: ./falpha-eps-converted-to.pdf Graphic file (type pdf)

<use ./falpha-eps-converted-to.pdf>
Package pdftex.def Info: ./falpha-eps-converted-to.pdf used on input line 308.
(pdftex.def)             Requested size: 390.25534pt x 390.26639pt.
Package epstopdf Info: Source file: <../figures/qxr.eps>
(epstopdf)                    date: 2018-10-18 13:40:06
(epstopdf)                    size: 17441 bytes
(epstopdf)             Output file: <./qxr-eps-converted-to.pdf>
(epstopdf)                    date: 2019-07-04 15:40:27
(epstopdf)                    size: 9075 bytes
(epstopdf)             Command: <repstopdf --outfile=./qxr-eps-converted-to.pdf
 ../figures/qxr.eps>
(epstopdf)             \includegraphics on input line 320.
Package epstopdf Info: Output file is already uptodate.


pdfTeX warning: pdflatex (file ./qxr-eps-converted-to.pdf): PDF inclusion: foun
d PDF version <1.7>, but at most version <1.5> allowed
<./qxr-eps-converted-to.pdf, id=2934, 576.1525pt x 576.1525pt>
File: ./qxr-eps-converted-to.pdf Graphic file (type pdf)

<use ./qxr-eps-converted-to.pdf>
Package pdftex.def Info: ./qxr-eps-converted-to.pdf used on input line 320.
(pdftex.def)             Requested size: 433.62pt x 433.6342pt.
Package epstopdf Info: Source file: <../figures/wpd.eps>
(epstopdf)                    date: 2018-10-18 13:40:06
(epstopdf)                    size: 69536 bytes
(epstopdf)             Output file: <./wpd-eps-converted-to.pdf>
(epstopdf)                    date: 2019-07-04 15:40:27
(epstopdf)                    size: 18146 bytes
(epstopdf)             Command: <repstopdf --outfile=./wpd-eps-converted-to.pdf
 ../figures/wpd.eps>
(epstopdf)             \includegraphics on input line 334.
Package epstopdf Info: Output file is already uptodate.


pdfTeX warning: pdflatex (file ./wpd-eps-converted-to.pdf): PDF inclusion: foun
d PDF version <1.7>, but at most version <1.5> allowed
<./wpd-eps-converted-to.pdf, id=2947, 433.62pt x 722.7pt>
File: ./wpd-eps-converted-to.pdf Graphic file (type pdf)

<use ./wpd-eps-converted-to.pdf>
Package pdftex.def Info: ./wpd-eps-converted-to.pdf used on input line 334.
(pdftex.def)             Requested size: 325.215pt x 542.04572pt.


LaTeX Warning: Float too large for page by 24.65826pt on input line 342.

Package epstopdf Info: Source file: <../figures/isolated_xy_with_agama_with_cir
cles.eps>
(epstopdf)                    date: 2018-10-18 13:40:06
(epstopdf)                    size: 5203446 bytes
(epstopdf)             Output file: <./isolated_xy_with_agama_with_circles-eps-
converted-to.pdf>
(epstopdf)                    date: 2019-07-04 15:40:27
(epstopdf)                    size: 369306 bytes
(epstopdf)             Command: <repstopdf --outfile=./isolated_xy_with_agama_w
ith_circles-eps-converted-to.pdf ../figures/isolated_xy_with_agama_with_circles
.eps>
(epstopdf)             \includegraphics on input line 347.
Package epstopdf Info: Output file is already uptodate.


pdfTeX warning: pdflatex (file ./isolated_xy_with_agama_with_circles-eps-conver
ted-to.pdf): PDF inclusion: found PDF version <1.7>, but at most version <1.5> 
allowed

<./isolated_xy_with_agama_with_circles-eps-converted-to.pdf, id=2952, 867.24pt 
x 867.24pt>
File: ./isolated_xy_with_agama_with_circles-eps-converted-to.pdf Graphic file (
type pdf)
 <use ./isolated_xy_with_agama_with_circles-eps-converted-to.pdf>
Package pdftex.def Info: ./isolated_xy_with_agama_with_circles-eps-converted-to
.pdf used on input line 347.
(pdftex.def)             Requested size: 433.62pt x 433.61894pt.
Package epstopdf Info: Source file: <../figures/isolated_a2_vs_t_2rd_weighted.e
ps>
(epstopdf)                    date: 2018-10-18 13:40:06
(epstopdf)                    size: 45456 bytes
(epstopdf)             Output file: <./isolated_a2_vs_t_2rd_weighted-eps-conver
ted-to.pdf>
(epstopdf)                    date: 2019-07-04 15:40:27
(epstopdf)                    size: 19796 bytes
(epstopdf)             Command: <repstopdf --outfile=./isolated_a2_vs_t_2rd_wei
ghted-eps-converted-to.pdf ../figures/isolated_a2_vs_t_2rd_weighted.eps>
(epstopdf)             \includegraphics on input line 358.
Package epstopdf Info: Output file is already uptodate.


pdfTeX warning: pdflatex (file ./isolated_a2_vs_t_2rd_weighted-eps-converted-to
.pdf): PDF inclusion: found PDF version <1.7>, but at most version <1.5> allowe
d

<./isolated_a2_vs_t_2rd_weighted-eps-converted-to.pdf, id=2955, 462.72874pt x 3
46.29375pt>
File: ./isolated_a2_vs_t_2rd_weighted-eps-converted-to.pdf Graphic file (type p
df)
 <use ./isolated_a2_vs_t_2rd_weighted-eps-converted-to.pdf>
Package pdftex.def Info: ./isolated_a2_vs_t_2rd_weighted-eps-converted-to.pdf u
sed on input line 358.
(pdftex.def)             Requested size: 390.25534pt x 292.0578pt.
Package epstopdf Info: Source file: <../figures/isolated_r_t_a2_with_agama.eps>

(epstopdf)                    date: 2018-10-18 13:40:06
(epstopdf)                    size: 4478482 bytes
(epstopdf)             Output file: <./isolated_r_t_a2_with_agama-eps-converted
-to.pdf>
(epstopdf)                    date: 2019-07-04 15:40:27
(epstopdf)                    size: 209326 bytes
(epstopdf)             Command: <repstopdf --outfile=./isolated_r_t_a2_with_aga
ma-eps-converted-to.pdf ../figures/isolated_r_t_a2_with_agama.eps>
(epstopdf)             \includegraphics on input line 373.
Package epstopdf Info: Output file is already uptodate.


pdfTeX warning: pdflatex (file ./isolated_r_t_a2_with_agama-eps-converted-to.pd
f): PDF inclusion: found PDF version <1.7>, but at most version <1.5> allowed

<./isolated_r_t_a2_with_agama-eps-converted-to.pdf, id=2956, 1228.59pt x 794.97
pt>
File: ./isolated_r_t_a2_with_agama-eps-converted-to.pdf Graphic file (type pdf)

 <use ./isolated_r_t_a2_with_agama-eps-converted-to.pdf>
Package pdftex.def Info: ./isolated_r_t_a2_with_agama-eps-converted-to.pdf used
 on input line 373.
(pdftex.def)             Requested size: 476.98463pt x 308.64207pt.

Overfull \hbox (43.36464pt too wide) in paragraph at lines 373--376
 [][] 
 []

Package epstopdf Info: Source file: <../figures/isolated_four_panel_zrms.eps>
(epstopdf)                    date: 2018-10-18 13:40:06
(epstopdf)                    size: 619923 bytes
(epstopdf)             Output file: <./isolated_four_panel_zrms-eps-converted-t
o.pdf>
(epstopdf)                    date: 2019-07-04 15:40:27
(epstopdf)                    size: 110609 bytes
(epstopdf)             Command: <repstopdf --outfile=./isolated_four_panel_zrms
-eps-converted-to.pdf ../figures/isolated_four_panel_zrms.eps>
(epstopdf)             \includegraphics on input line 381.
Package epstopdf Info: Output file is already uptodate.


pdfTeX warning: pdflatex (file ./isolated_four_panel_zrms-eps-converted-to.pdf)
: PDF inclusion: found PDF version <1.7>, but at most version <1.5> allowed

<./isolated_four_panel_zrms-eps-converted-to.pdf, id=2957, 794.97pt x 794.97pt>
File: ./isolated_four_panel_zrms-eps-converted-to.pdf Graphic file (type pdf)
<use ./isolated_four_panel_zrms-eps-converted-to.pdf>
Package pdftex.def Info: ./isolated_four_panel_zrms-eps-converted-to.pdf used o
n input line 381.
(pdftex.def)             Requested size: 433.62pt x 433.63217pt.
Package epstopdf Info: Source file: <../figures/isolated_dispersion_evolution_w
ith_agama_zrms.eps>
(epstopdf)                    date: 2018-10-18 13:40:06
(epstopdf)                    size: 1409738 bytes
(epstopdf)             Output file: <./isolated_dispersion_evolution_with_agama
_zrms-eps-converted-to.pdf>
(epstopdf)                    date: 2019-07-04 15:40:27
(epstopdf)                    size: 277023 bytes
(epstopdf)             Command: <repstopdf --outfile=./isolated_dispersion_evol
ution_with_agama_zrms-eps-converted-to.pdf ../figures/isolated_dispersion_evolu
tion_with_agama_zrms.eps>
(epstopdf)             \includegraphics on input line 391.
Package epstopdf Info: Output file is already uptodate.


pdfTeX warning: pdflatex (file ./isolated_dispersion_evolution_with_agama_zrms-
eps-converted-to.pdf): PDF inclusion: found PDF version <1.7>, but at most vers
ion <1.5> allowed

<./isolated_dispersion_evolution_with_agama_zrms-eps-converted-to.pdf, id=2958,
 1156.32pt x 722.7pt>
File: ./isolated_dispersion_evolution_with_agama_zrms-eps-converted-to.pdf Grap
hic file (type pdf)

<use ./isolated_dispersion_evolution_with_agama_zrms-eps-converted-to.pdf>
Package pdftex.def Info: ./isolated_dispersion_evolution_with_agama_zrms-eps-co
nverted-to.pdf used on input line 391.
(pdftex.def)             Requested size: 433.62pt x 271.01183pt.


Package hyperref Warning: Token not allowed in a PDF string (PDFDocEncoding):
(hyperref)                removing `math shift' on input line 400.


Package hyperref Warning: Token not allowed in a PDF string (PDFDocEncoding):
(hyperref)                removing `math shift' on input line 400.


Package hyperref Warning: Token not allowed in a PDF string (PDFDocEncoding):
(hyperref)                removing `math shift' on input line 400.


Package hyperref Warning: Token not allowed in a PDF string (PDFDocEncoding):
(hyperref)                removing `math shift' on input line 400.


Overfull \hbox (4.61575pt too wide) in paragraph at lines 408--410
\OT1/cmr/m/n/12 and the Goldreich-Tremaine (swing am-pli-fi-ca-tion) pa-ram-e-t
er ([]Gol-dre-ich and Tremaine[],
 []

[132] [133 <./rotation_curves_two_panel-eps-converted-to.pdf>] [134] [135 <./fa
lpha-eps-converted-to.pdf>] [136 <./qxr-eps-converted-to.pdf>] [137 <./wpd-eps-
converted-to.pdf>] [138 <./isolated_xy_with_agama_with_circles-eps-converted-to
.pdf>] [139 <./isolated_a2_vs_t_2rd_weighted-eps-converted-to.pdf>] [140 <./iso
lated_r_t_a2_with_agama-eps-converted-to.pdf>] [141 <./isolated_four_panel_zrms
-eps-converted-to.pdf>] [142 <./isolated_dispersion_evolution_with_agama_zrms-e
ps-converted-to.pdf>] [143] [144] [145] [146] [147] [148] [149] [150]

Package hyperref Warning: Token not allowed in a PDF string (PDFDocEncoding):
(hyperref)                removing `math shift' on input line 720.


Package hyperref Warning: Token not allowed in a PDF string (PDFDocEncoding):
(hyperref)                removing `subscript' on input line 720.


Package hyperref Warning: Token not allowed in a PDF string (PDFDocEncoding):
(hyperref)                removing `math shift' on input line 720.

[151] [152] [153] [154] [155]
Package epstopdf Info: Source file: <../figures/isolated_a2_vs_t_2rd_no_bucklin
g_weighted.eps>
(epstopdf)                    date: 2018-10-18 13:40:06
(epstopdf)                    size: 57690 bytes
(epstopdf)             Output file: <./isolated_a2_vs_t_2rd_no_buckling_weighte
d-eps-converted-to.pdf>
(epstopdf)                    date: 2019-07-04 15:40:27
(epstopdf)                    size: 23841 bytes
(epstopdf)             Command: <repstopdf --outfile=./isolated_a2_vs_t_2rd_no_
buckling_weighted-eps-converted-to.pdf ../figures/isolated_a2_vs_t_2rd_no_buckl
ing_weighted.eps>
(epstopdf)             \includegraphics on input line 908.
Package epstopdf Info: Output file is already uptodate.


pdfTeX warning: pdflatex (file ./isolated_a2_vs_t_2rd_no_buckling_weighted-eps-
converted-to.pdf): PDF inclusion: found PDF version <1.7>, but at most version 
<1.5> allowed

<./isolated_a2_vs_t_2rd_no_buckling_weighted-eps-converted-to.pdf, id=3429, 462
.72874pt x 346.29375pt>
File: ./isolated_a2_vs_t_2rd_no_buckling_weighted-eps-converted-to.pdf Graphic 
file (type pdf)

<use ./isolated_a2_vs_t_2rd_no_buckling_weighted-eps-converted-to.pdf>
Package pdftex.def Info: ./isolated_a2_vs_t_2rd_no_buckling_weighted-eps-conver
ted-to.pdf used on input line 908.
(pdftex.def)             Requested size: 390.25534pt x 292.0578pt.
Package epstopdf Info: Source file: <../figures/cosmo_three_by_threes.eps>
(epstopdf)                    date: 2018-10-18 13:40:06
(epstopdf)                    size: 2685798 bytes
(epstopdf)             Output file: <./cosmo_three_by_threes-eps-converted-to.p
df>
(epstopdf)                    date: 2019-07-04 15:40:27
(epstopdf)                    size: 130325 bytes
(epstopdf)             Command: <repstopdf --outfile=./cosmo_three_by_threes-ep
s-converted-to.pdf ../figures/cosmo_three_by_threes.eps>
(epstopdf)             \includegraphics on input line 920.
Package epstopdf Info: Output file is already uptodate.


pdfTeX warning: pdflatex (file ./cosmo_three_by_threes-eps-converted-to.pdf): P
DF inclusion: found PDF version <1.7>, but at most version <1.5> allowed
<./cosmo_three_by_threes-eps-converted-to.pdf, id=3432, 1011.78pt x 722.7pt>
File: ./cosmo_three_by_threes-eps-converted-to.pdf Graphic file (type pdf)

<use ./cosmo_three_by_threes-eps-converted-to.pdf>
Package pdftex.def Info: ./cosmo_three_by_threes-eps-converted-to.pdf used on i
nput line 920.
(pdftex.def)             Requested size: 433.62pt x 309.72939pt.
Package epstopdf Info: Source file: <../figures/cosmo_a2_vs_t_2rd_weighted.eps>

(epstopdf)                    date: 2018-10-18 13:40:06
(epstopdf)                    size: 30606 bytes
(epstopdf)             Output file: <./cosmo_a2_vs_t_2rd_weighted-eps-converted
-to.pdf>
(epstopdf)                    date: 2019-07-04 15:40:27
(epstopdf)                    size: 15746 bytes
(epstopdf)             Command: <repstopdf --outfile=./cosmo_a2_vs_t_2rd_weight
ed-eps-converted-to.pdf ../figures/cosmo_a2_vs_t_2rd_weighted.eps>
(epstopdf)             \includegraphics on input line 931.
Package epstopdf Info: Output file is already uptodate.


pdfTeX warning: pdflatex (file ./cosmo_a2_vs_t_2rd_weighted-eps-converted-to.pd
f): PDF inclusion: found PDF version <1.7>, but at most version <1.5> allowed

<./cosmo_a2_vs_t_2rd_weighted-eps-converted-to.pdf, id=3433, 578.16pt x 433.62p
t>
File: ./cosmo_a2_vs_t_2rd_weighted-eps-converted-to.pdf Graphic file (type pdf)

 <use ./cosmo_a2_vs_t_2rd_weighted-eps-converted-to.pdf>
Package pdftex.def Info: ./cosmo_a2_vs_t_2rd_weighted-eps-converted-to.pdf used
 on input line 931.
(pdftex.def)             Requested size: 390.25534pt x 292.68748pt.
Package epstopdf Info: Source file: <../figures/kicked_up_disk.eps>
(epstopdf)                    date: 2018-10-18 13:40:06
(epstopdf)                    size: 1184204 bytes
(epstopdf)             Output file: <./kicked_up_disk-eps-converted-to.pdf>
(epstopdf)                    date: 2019-07-04 15:40:27
(epstopdf)                    size: 81441 bytes
(epstopdf)             Command: <repstopdf --outfile=./kicked_up_disk-eps-conve
rted-to.pdf ../figures/kicked_up_disk.eps>
(epstopdf)             \includegraphics on input line 940.
Package epstopdf Info: Output file is already uptodate.


pdfTeX warning: pdflatex (file ./kicked_up_disk-eps-converted-to.pdf): PDF incl
usion: found PDF version <1.7>, but at most version <1.5> allowed
<./kicked_up_disk-eps-converted-to.pdf, id=3434, 576.1525pt x 576.1525pt>
File: ./kicked_up_disk-eps-converted-to.pdf Graphic file (type pdf)

<use ./kicked_up_disk-eps-converted-to.pdf>
Package pdftex.def Info: ./kicked_up_disk-eps-converted-to.pdf used on input li
ne 940.
(pdftex.def)             Requested size: 390.25534pt x 390.26639pt.
 [156] [157 <./isolated_a2_vs_t_2rd_no_buckling_weighted-eps-converted-to.pdf>]
 [158 <./cosmo_three_by_threes-eps-converted-to.pdf>] [159 <./cosmo_a2_vs_t_2rd
_weighted-eps-converted-to.pdf>]
[160 <./kicked_up_disk-eps-converted-to.pdf>] [161] [162] [163] [164]
(./Paper_II.bbl [165] [166

] [167]
Missing character: There is no â in font cmr8!
Missing character: There is no € in font cmr8!
Missing character: There is no ¢ in font cmr8!
 [168] [169] [170] [171] [172] [173]))
[174]
\openout2 = `Paper_III.aux'.

 (./Paper_III.tex
Chapter 6.

Package hyperref Warning: Token not allowed in a PDF string (PDFDocEncoding):
(hyperref)                removing `math shift' on input line 1.


Package hyperref Warning: Token not allowed in a PDF string (PDFDocEncoding):
(hyperref)                removing `\Lambda' on input line 1.


Package hyperref Warning: Token not allowed in a PDF string (PDFDocEncoding):
(hyperref)                removing `math shift' on input line 1.

) [175




]
\openout2 = `Conclusion.aux'.

 (./Conclusion.tex
Chapter 7.
[176




]

Package Fancyhdr Warning: \headheight is too small (15.0pt): 
 Make it at least 27.08337pt.
 We now make it that large for the rest of the document.
 This may cause the page layout to be inconsistent, however.

[177] [178] [179]
Overfull \hbox (0.14383pt too wide) in paragraph at lines 57--57
[]\OT1/cmr/bx/n/17.28 Vetical Struc-ture in Cos-mo-log-i-cal Stel-lar Disks 
 []

[180] (./Conclusion.bbl [181])) [182

]
\openout2 = `Appendices.aux'.

 (./Appendices.tex
Appendix A.

Package natbib Warning: Citation `QuinnIntegrators' on page 183 undefined on in
put line 22.

[183




] [184]
Appendix B.
(/usr/share/texlive/texmf-dist/tex/latex/listings/lstlang1.sty
File: lstlang1.sty 2015/06/04 1.6 listings language file
)
(/usr/share/texlive/texmf-dist/tex/latex/listings/lstmisc.sty
File: lstmisc.sty 2015/06/04 1.6 (Carsten Heinz)
) (./kicks.c
LaTeX Font Info:    Font shape `OMS/cmr/m/n' in size <10> not available
(Font)              Font shape `OMS/cmsy/m/n' tried instead on input line 2.
LaTeX Font Info:    Try loading font information for OML+cmr on input line 6.

(/usr/share/texlive/texmf-dist/tex/latex/base/omlcmr.fd
File: omlcmr.fd 2014/09/29 v2.5h Standard LaTeX font definitions
)
LaTeX Font Info:    Font shape `OML/cmr/m/n' in size <10> not available
(Font)              Font shape `OML/cmm/m/it' tried instead on input line 6.
 [185

]) [186]
Appendix C.
(./predict.c [187

]) [188]
Appendix D.
(/usr/share/texlive/texmf-dist/tex/latex/listings/lstlang1.sty
File: lstlang1.sty 2015/06/04 1.6 listings language file
)
(./extract_halo_ascii.py [189

] [190] [191]) [192]
Appendix E.
(/usr/share/texlive/texmf-dist/tex/latex/listings/lstlang1.sty
File: lstlang1.sty 2015/06/04 1.6 listings language file
)
(./merge_ics.cpp [193

] [194] [195] [196] [197]
Overfull \hbox (118.38562pt too wide) in paragraph at lines 155--156
[][][][][][][][][][][][][][][][][][][][][][][][][][][][][][][][][][][][][][][][
][][][][][][][][][][][][][][][][][][][][][][][][][][][][][][][][][][][][][][] 
 []


Overfull \hbox (22.38464pt too wide) in paragraph at lines 159--162
[][][][][][][][][][][][][][][][][][][][][][][][][][][][][][][][][][][][][][][][
][][][][][][][][][][][][][][][][][][][][][][][][][][] 
 []

[198] [199] [200] [201] [202] [203] [204] [205] [206] [207] [208] [209]
[210] [211] [212]
Overfull \hbox (4.38446pt too wide) in paragraph at lines 577--579
[][][][][][][][][][][][][][][][][][][][][][][][][][][][][][][][][][][][][][][][
][][][][][][][][][][][][][][][][][][][][] 
 []


Overfull \hbox (10.38452pt too wide) in paragraph at lines 590--592
[][][][][][][][][][][][][][][][][][][][][][][][][][][][][][][][][][][][][][][][
][][][][][][][][][][][][][][][][][][][][] 
 []

[213]
Overfull \hbox (16.38458pt too wide) in paragraph at lines 608--610
[][][][][][][][][][][][][][][][][][][][][][][][][][][][] 
 []

[214]
Overfull \hbox (10.38452pt too wide) in paragraph at lines 637--640
[][][][][][][][][][][][][][][][][][][][][][][][][][][][][][][][][][][][][][][][
][][][][][][][][][][][][][][][][][][][][] 
 []


Overfull \hbox (52.38495pt too wide) in paragraph at lines 643--645
[][][][][][][][][][][][][][][][][][][][][][][][][][][][][][][][][][][][][][][][
][][][][][][][][][][][][][][][][][][][][] 
 []


Overfull \hbox (58.38501pt too wide) in paragraph at lines 648--649
[][][][][][][][][][][][][][][][][][][][][][][][][][][][][][][][][][][][][][][][
][][][][][][][][][][][][][][][][][][][][] 
 []

[215] [216] [217] [218]) [219]
Appendix F.
(./timestep.c [220

])) [221]

Package natbib Warning: There were undefined citations.

Package atveryend Info: Empty hook `BeforeClearDocument' on input line 238.
Package atveryend Info: Empty hook `AfterLastShipout' on input line 238.
(./Thesis.aux (./Introduction.aux) (./Background.aux) (./Paper_I.aux)
(./Implementation.aux) (./Paper_II.aux) (./Paper_III.aux) (./Conclusion.aux)
(./Appendices.aux))
Package atveryend Info: Executing hook `AtVeryEndDocument' on input line 238.
Package atveryend Info: Executing hook `AtEndAfterFileList' on input line 238.
Package rerunfilecheck Info: File `Thesis.out' has not changed.
(rerunfilecheck)             Checksum: E69FAB7E5533DE995479DF1829313B16;8030.


LaTeX Font Warning: Some font shapes were not available, defaults substituted.


LaTeX Warning: There were undefined references.

Package atveryend Info: Empty hook `AtVeryVeryEnd' on input line 238.
 ) 
Here is how much of TeX's memory you used:
 13880 strings out of 493029
 210344 string characters out of 6136234
 334486 words of memory out of 5000000
 15460 multiletter control sequences out of 15000+600000
 22979 words of font info for 87 fonts, out of 8000000 for 9000
 1141 hyphenation exceptions out of 8191
 40i,16n,55p,1508b,1924s stack positions out of 5000i,500n,10000p,200000b,80000s
pdfTeX warning (dest): name{Hfootnote.16} has been referenced but does not ex
ist, replaced by a fixed one

pdfTeX warning (dest): name{Hfootnote.15} has been referenced but does not exis
t, replaced by a fixed one

pdfTeX warning (dest): name{Hfootnote.14} has been referenced but does not exis
t, replaced by a fixed one

pdfTeX warning (dest): name{Hfootnote.13} has been referenced but does not exis
t, replaced by a fixed one

pdfTeX warning (dest): name{Hfootnote.12} has been referenced but does not exis
t, replaced by a fixed one

pdfTeX warning (dest): name{Hfootnote.11} has been referenced but does not exis
t, replaced by a fixed one

pdfTeX warning (dest): name{Hfootnote.10} has been referenced but does not exis
t, replaced by a fixed one

pdfTeX warning (dest): name{Hfootnote.9} has been referenced but does not exist
, replaced by a fixed one

pdfTeX warning (dest): name{Hfootnote.8} has been referenced but does not exist
, replaced by a fixed one

pdfTeX warning (dest): name{Hfootnote.7} has been referenced but does not exist
, replaced by a fixed one

pdfTeX warning (dest): name{Hfootnote.6} has been referenced but does not exist
, replaced by a fixed one

pdfTeX warning (dest): name{Hfootnote.5} has been referenced but does not exist
, replaced by a fixed one

pdfTeX warning (dest): name{Hfootnote.4} has been referenced but does not exist
, replaced by a fixed one

pdfTeX warning (dest): name{Hfootnote.3} has been referenced but does not exist
, replaced by a fixed one

pdfTeX warning (dest): name{Hfootnote.2} has been referenced but does not exist
, replaced by a fixed one

pdfTeX warning (dest): name{Hfootnote.1} has been referenced but does not exist
, replaced by a fixed one

</usr/share/texlive/texmf-dist/fonts/type1/public/amsfonts/cm/cmbx12.pfb></usr/
share/texlive/texmf-dist/fonts/type1/public/amsfonts/cm/cmbx8.pfb></usr/share/t
exlive/texmf-dist/fonts/type1/public/amsfonts/cm/cmcsc10.pfb></usr/share/texliv
e/texmf-dist/fonts/type1/public/amsfonts/cm/cmex10.pfb></usr/share/texlive/texm
f-dist/fonts/type1/public/amsfonts/cm/cmmi10.pfb></usr/share/texlive/texmf-dist
/fonts/type1/public/amsfonts/cm/cmmi12.pfb></usr/share/texlive/texmf-dist/fonts
/type1/public/amsfonts/cm/cmmi6.pfb></usr/share/texlive/texmf-dist/fonts/type1/
public/amsfonts/cm/cmmi7.pfb></usr/share/texlive/texmf-dist/fonts/type1/public/
amsfonts/cm/cmmi8.pfb></usr/share/texlive/texmf-dist/fonts/type1/public/amsfont
s/cm/cmmib10.pfb></usr/share/texlive/texmf-dist/fonts/type1/public/amsfonts/cm/
cmr10.pfb></usr/share/texlive/texmf-dist/fonts/type1/public/amsfonts/cm/cmr12.p
fb></usr/share/texlive/texmf-dist/fonts/type1/public/amsfonts/cm/cmr17.pfb></us
r/share/texlive/texmf-dist/fonts/type1/public/amsfonts/cm/cmr6.pfb></usr/share/
texlive/texmf-dist/fonts/type1/public/amsfonts/cm/cmr7.pfb></usr/share/texlive/
texmf-dist/fonts/type1/public/amsfonts/cm/cmr8.pfb></usr/share/texlive/texmf-di
st/fonts/type1/public/amsfonts/cm/cmsy10.pfb></usr/share/texlive/texmf-dist/fon
ts/type1/public/amsfonts/cm/cmsy6.pfb></usr/share/texlive/texmf-dist/fonts/type
1/public/amsfonts/cm/cmsy8.pfb></usr/share/texlive/texmf-dist/fonts/type1/publi
c/amsfonts/cm/cmti12.pfb></usr/share/texlive/texmf-dist/fonts/type1/public/amsf
onts/cm/cmtt10.pfb></usr/share/texlive/texmf-dist/fonts/type1/public/amsfonts/c
m/cmtt12.pfb></usr/share/texlive/texmf-dist/fonts/type1/public/amsfonts/symbols
/msbm10.pfb>
Output written on Thesis.pdf (241 pages, 2902238 bytes).
PDF statistics:
 5303 PDF objects out of 6186 (max. 8388607)
 4275 compressed objects within 43 object streams
 1622 named destinations out of 1728 (max. 500000)
 962 words of extra memory for PDF output out of 10000 (max. 10000000)

